2015-04-28 11:04:25,035 root:INFO:forestry.py function:start_logging line:18 Starting up the forestry program
2015-04-28 11:04:25,035 root:INFO:forestry.py function:__init__ line:37 Instantiated a tree
2015-04-28 11:04:25,035 root:INFO:forestry.py function:__init__ line:53 Instantiated a Lumberjack
2015-04-28 11:04:25,035 root:INFO:forestry.py function:get_boards line:41 tree.get_boards method called
2015-04-28 11:04:25,035 root:INFO:forestry.py function:cut_down_tree line:64 Lumberjack.tree cut down
2015-04-28 11:04:25,035 root:INFO:forestry.py function:__init__ line:37 Instantiated a tree
2015-04-28 11:04:25,035 root:INFO:forestry.py function:__init__ line:53 Instantiated a Lumberjack
2015-04-28 11:04:25,035 root:INFO:forestry.py function:get_boards line:41 tree.get_boards method called
2015-04-28 11:04:25,035 root:INFO:forestry.py function:cut_down_tree line:64 Lumberjack.tree cut down
2015-04-28 11:04:25,035 root:INFO:forestry.py function:__init__ line:37 Instantiated a tree
2015-04-28 11:04:25,035 root:INFO:forestry.py function:__init__ line:53 Instantiated a Lumberjack
2015-04-28 11:04:25,035 root:INFO:forestry.py function:get_boards line:41 tree.get_boards method called
2015-04-28 11:04:25,035 root:INFO:forestry.py function:cut_down_tree line:64 Lumberjack.tree cut down
2015-04-28 11:04:25,051 root:INFO:forestry.py function:__init__ line:37 Instantiated a tree
2015-04-28 11:04:25,051 root:INFO:forestry.py function:__init__ line:53 Instantiated a Lumberjack
2015-04-28 11:04:25,051 root:INFO:forestry.py function:get_boards line:41 tree.get_boards method called
2015-04-28 11:04:25,051 root:INFO:forestry.py function:cut_down_tree line:64 Lumberjack.tree cut down
2015-04-28 11:04:25,051 root:INFO:forestry.py function:__init__ line:37 Instantiated a tree
2015-04-28 11:04:25,051 root:INFO:forestry.py function:__init__ line:53 Instantiated a Lumberjack
2015-04-28 11:04:25,051 root:INFO:forestry.py function:get_boards line:41 tree.get_boards method called
2015-04-28 11:04:25,051 root:INFO:forestry.py function:cut_down_tree line:64 Lumberjack.tree cut down
2015-04-28 11:04:25,051 root:ERROR:forestry.py function:__init__ line:34 Tree size must be one of: XL,M,XXL,L,S
2015-04-28 11:04:25,051 root:INFO:forestry.py function:__init__ line:53 Instantiated a Lumberjack
2015-04-28 11:04:25,051 root:ERROR:forestry.py function:cut_down_tree line:60 Cannot cut down_tree(): Lumberjack has no tree!
2015-04-28 11:04:25,051 root:INFO:forestry.py function:__init__ line:37 Instantiated a tree
2015-04-28 11:04:25,051 root:INFO:forestry.py function:get_boards line:41 tree.get_boards method called
2015-04-28 11:04:25,051 root:INFO:forestry.py function:__init__ line:37 Instantiated a tree
2015-04-28 11:04:25,051 root:INFO:forestry.py function:get_boards line:41 tree.get_boards method called
2015-04-28 11:04:25,051 root:INFO:forestry.py function:__init__ line:37 Instantiated a tree
2015-04-28 11:04:25,051 root:INFO:forestry.py function:get_boards line:41 tree.get_boards method called
2015-04-28 11:04:25,051 root:INFO:forestry.py function:__init__ line:37 Instantiated a tree
2015-04-28 11:04:25,051 root:INFO:forestry.py function:get_boards line:41 tree.get_boards method called
2015-04-28 11:04:25,066 root:INFO:forestry.py function:__init__ line:37 Instantiated a tree
2015-04-28 11:04:25,066 root:INFO:forestry.py function:get_boards line:41 tree.get_boards method called
2015-04-28 11:04:25,066 root:INFO:forestry.py function:__init__ line:37 Instantiated a tree
